[debug] [2021-07-02T10:58:05.365Z] ----------------------------------------------------------------------
[debug] [2021-07-02T10:58:05.368Z] Command:       C:\Program Files\nodejs\node.exe C:\Users\Butterfly\AppData\Roaming\npm\node_modules\firebase-tools\lib\bin\firebase.js projects:list
[debug] [2021-07-02T10:58:05.369Z] CLI Version:   9.14.0
[debug] [2021-07-02T10:58:05.369Z] Platform:      win32
[debug] [2021-07-02T10:58:05.369Z] Node Version:  v14.16.1
[debug] [2021-07-02T10:58:05.370Z] Time:          Fri Jul 02 2021 13:58:05 GMT+0300 (Москва, стандартное время)
[debug] [2021-07-02T10:58:05.371Z] ----------------------------------------------------------------------
[debug] 
[debug] [2021-07-02T10:58:05.373Z] >>> [apiv2][query] GET https://firebase-public.firebaseio.com/cli.json [none]
[debug] [2021-07-02T10:58:05.403Z] > command requires scopes: ["email","openid","https://www.googleapis.com/auth/cloudplatformprojects.readonly","https://www.googleapis.com/auth/firebase","https://www.googleapis.com/auth/cloud-platform"]
[debug] [2021-07-02T10:58:05.403Z] > authorizing via signed-in user (viskor20@gmail.com)
[debug] [2021-07-02T10:58:05.436Z] >>> [apiv2][query] GET https://firebase.googleapis.com/v1beta1/projects pageSize=1000
[debug] [2021-07-02T10:58:05.621Z] Failed to make request: invalid json response body at https://firebase.googleapis.com/v1beta1/projects?pageSize=1000 reason: Unexpected token < in JSON at position 0
[debug] [2021-07-02T10:58:05.805Z] FirebaseError: Failed to make request: invalid json response body at https://firebase.googleapis.com/v1beta1/projects?pageSize=1000 reason: Unexpected token < in JSON at position 0
    at Client.request (C:\Users\Butterfly\AppData\Roaming\npm\node_modules\firebase-tools\lib\apiv2.js:109:19)
    at processTicksAndRejections (internal/process/task_queues.js:93:5)
    at async getProjectPage (C:\Users\Butterfly\AppData\Roaming\npm\node_modules\firebase-tools\lib\management\projects.js:233:17)
    at async getFirebaseProjectPage (C:\Users\Butterfly\AppData\Roaming\npm\node_modules\firebase-tools\lib\management\projects.js:250:23)
    at async Object.listFirebaseProjects (C:\Users\Butterfly\AppData\Roaming\npm\node_modules\firebase-tools\lib\management\projects.js:281:29)
    at async Command.actionFn (C:\Users\Butterfly\AppData\Roaming\npm\node_modules\firebase-tools\lib\commands\projects-list.js:50:20)
[error] 
[error] Error: Failed to list Firebase projects. See firebase-debug.log for more info.
[debug] [2021-07-02T10:58:47.939Z] ----------------------------------------------------------------------
[debug] [2021-07-02T10:58:47.942Z] Command:       C:\Program Files\nodejs\node.exe C:\Users\Butterfly\AppData\Roaming\npm\node_modules\firebase-tools\lib\bin\firebase.js use --add
[debug] [2021-07-02T10:58:47.943Z] CLI Version:   9.14.0
[debug] [2021-07-02T10:58:47.943Z] Platform:      win32
[debug] [2021-07-02T10:58:47.943Z] Node Version:  v14.16.1
[debug] [2021-07-02T10:58:47.944Z] Time:          Fri Jul 02 2021 13:58:47 GMT+0300 (Москва, стандартное время)
[debug] [2021-07-02T10:58:47.944Z] ----------------------------------------------------------------------
[debug] 
[debug] [2021-07-02T10:58:47.952Z] >>> [apiv2][query] GET https://firebase-public.firebaseio.com/cli.json [none]
[debug] [2021-07-02T10:58:47.987Z] > command requires scopes: ["email","openid","https://www.googleapis.com/auth/cloudplatformprojects.readonly","https://www.googleapis.com/auth/firebase","https://www.googleapis.com/auth/cloud-platform"]
[debug] [2021-07-02T10:58:47.993Z] > authorizing via signed-in user (viskor20@gmail.com)
[debug] [2021-07-02T10:58:48.000Z] >>> [apiv2][query] GET https://firebase.googleapis.com/v1beta1/projects pageSize=1000
[debug] [2021-07-02T10:58:48.181Z] Failed to make request: invalid json response body at https://firebase.googleapis.com/v1beta1/projects?pageSize=1000 reason: Unexpected token < in JSON at position 0
[debug] [2021-07-02T10:58:48.378Z] FirebaseError: Failed to make request: invalid json response body at https://firebase.googleapis.com/v1beta1/projects?pageSize=1000 reason: Unexpected token < in JSON at position 0
    at Client.request (C:\Users\Butterfly\AppData\Roaming\npm\node_modules\firebase-tools\lib\apiv2.js:109:19)
    at processTicksAndRejections (internal/process/task_queues.js:93:5)
    at async getProjectPage (C:\Users\Butterfly\AppData\Roaming\npm\node_modules\firebase-tools\lib\management\projects.js:233:17)
    at async getFirebaseProjectPage (C:\Users\Butterfly\AppData\Roaming\npm\node_modules\firebase-tools\lib\management\projects.js:250:23)
    at async listFirebaseProjects (C:\Users\Butterfly\AppData\Roaming\npm\node_modules\firebase-tools\lib\management\projects.js:281:29)
[error] 
[error] Error: Failed to list Firebase projects. See firebase-debug.log for more info.
